<?xml version="1.0" encoding="UTF-8"?>
<testsuite xmlns:xsi="http://www.w3.org/2001/XMLSchema-instance" xsi:noNamespaceSchemaLocation="https://maven.apache.org/surefire/maven-surefire-plugin/xsd/surefire-test-report-3.0.xsd" version="3.0" name="tests.OtpTest" time="50.152" tests="1" errors="0" skipped="0" failures="0">
  <properties>
[...]
</properties>
  <testcase name="TB7" classname="tests.OtpTest" time="32.579">
    <system-out><![CDATA[16:35:03.341 WARN  c.e.r.t.BaseTestNGListener - main - WARNING! More than one ReportPortal listener is added
WARNING! More than one ReportPortal listener is added
16:35:03.363 INFO  t.BasePage - main - آماده سازی دستگاه
16:35:19.214 INFO  t.BasePage - main - Test Started: TB7
16:35:29.634 INFO  t.OtpTest - main -  صفحه معرفی
{"simType":"CREDIT","appName":"MY_MCI","operator":"MCI","number":"09198340563","token":"ce605000d86a4bb68df981201ebd62ed"}
16:35:39.532 INFO  t.OtpTest - main - لاگین
16:35:47.607 INFO  t.OtpTest - main - صفحه آموزش
16:35:51.656 WARN  t.OtpTest - main - صحت صنجی صفحه اصلی
16:35:51.790 ERROR t.OtpTest - main - Failed to save
16:35:51.790 INFO  t.OtpTest - main - The score home is: 30
]]></system-out>
  </testcase>
</testsuite>