<?xml version="1.0" encoding="UTF-8"?>
<testng-results ignored="0" total="1" passed="1" failed="0" skipped="0">
  <reporter-output>
  </reporter-output>
  <suite started-at="2024-02-03T16:35:03 IRST" name="Surefire suite" finished-at="2024-02-03T16:35:52 IRST" duration-ms="49319">
    <groups>
    </groups>
    <test started-at="2024-02-03T16:35:03 IRST" name="Surefire test" finished-at="2024-02-03T16:35:52 IRST" duration-ms="49319">
      <class name="tests.OtpTest">
        <test-method is-config="true" signature="Android_setUp()[pri:0, instance:tests.OtpTest@557286ad]" started-at="2024-02-03T16:35:03 IRST" name="Android_setUp" finished-at="2024-02-03T16:35:19 IRST" duration-ms="15841" status="PASS">
          <reporter-output>
          </reporter-output>
        </test-method> <!-- Android_setUp -->
        <test-method signature="TB7()[pri:0, instance:tests.OtpTest@557286ad]" started-at="2024-02-03T16:35:19 IRST" name="TB7" finished-at="2024-02-03T16:35:51 IRST" duration-ms="32580" status="PASS">
          <reporter-output>
          </reporter-output>
        </test-method> <!-- TB7 -->
        <test-method is-config="true" signature="tearDown()[pri:0, instance:tests.OtpTest@557286ad]" started-at="2024-02-03T16:35:51 IRST" name="tearDown" finished-at="2024-02-03T16:35:52 IRST" duration-ms="871" status="PASS">
          <reporter-output>
          </reporter-output>
        </test-method> <!-- tearDown -->
      </class> <!-- tests.OtpTest -->
    </test> <!-- Surefire test -->
  </suite> <!-- Surefire suite -->
</testng-results>
